[27-Mar-2024 10:20:38 Europe/Berlin] PHP Warning:  PHP Startup: Unable to load dynamic library 'pdo_sqlite' (tried: /usr/lib/php/20220829/pdo_sqlite (/usr/lib/php/20220829/pdo_sqlite: cannot open shared object file: No such file or directory), /usr/lib/php/20220829/pdo_sqlite.so (/usr/lib/php/20220829/pdo_sqlite.so: undefined symbol: php_pdo_unregister_driver)) in Unknown on line 0
[27-Mar-2024 09:20:39 UTC] PHP Fatal error:  Uncaught LogicException: Dependencies are missing. Try running "composer install". in /home/johan/Gestion-des-eleves-et-stages/bin/console:8
Stack trace:
#0 {main}
  thrown in /home/johan/Gestion-des-eleves-et-stages/bin/console on line 8
[27-Mar-2024 10:20:41 Europe/Berlin] PHP Warning:  PHP Startup: Unable to load dynamic library 'pdo_sqlite' (tried: /usr/lib/php/20220829/pdo_sqlite (/usr/lib/php/20220829/pdo_sqlite: cannot open shared object file: No such file or directory), /usr/lib/php/20220829/pdo_sqlite.so (/usr/lib/php/20220829/pdo_sqlite.so: undefined symbol: php_pdo_unregister_driver)) in Unknown on line 0
[27-Mar-2024 09:20:41 UTC] PHP Fatal error:  Uncaught LogicException: Dependencies are missing. Try running "composer install". in /home/johan/Gestion-des-eleves-et-stages/bin/console:8
Stack trace:
#0 {main}
  thrown in /home/johan/Gestion-des-eleves-et-stages/bin/console on line 8
[27-Mar-2024 10:21:02 Europe/Berlin] PHP Warning:  PHP Startup: Unable to load dynamic library 'pdo_sqlite' (tried: /usr/lib/php/20220829/pdo_sqlite (/usr/lib/php/20220829/pdo_sqlite: cannot open shared object file: No such file or directory), /usr/lib/php/20220829/pdo_sqlite.so (/usr/lib/php/20220829/pdo_sqlite.so: undefined symbol: php_pdo_unregister_driver)) in Unknown on line 0
[27-Mar-2024 09:21:02 UTC] PHP Fatal error:  Uncaught LogicException: Dependencies are missing. Try running "composer install". in /home/johan/Gestion-des-eleves-et-stages/bin/console:8
Stack trace:
#0 {main}
  thrown in /home/johan/Gestion-des-eleves-et-stages/bin/console on line 8
[27-Mar-2024 10:21:08 Europe/Berlin] PHP Warning:  PHP Startup: Unable to load dynamic library 'pdo_sqlite' (tried: /usr/lib/php/20220829/pdo_sqlite (/usr/lib/php/20220829/pdo_sqlite: cannot open shared object file: No such file or directory), /usr/lib/php/20220829/pdo_sqlite.so (/usr/lib/php/20220829/pdo_sqlite.so: undefined symbol: php_pdo_unregister_driver)) in Unknown on line 0
[27-Mar-2024 09:21:08 UTC] PHP Fatal error:  Uncaught LogicException: Dependencies are missing. Try running "composer install". in /home/johan/Gestion-des-eleves-et-stages/bin/console:8
Stack trace:
#0 {main}
  thrown in /home/johan/Gestion-des-eleves-et-stages/bin/console on line 8
[27-Mar-2024 10:21:46 Europe/Berlin] PHP Warning:  PHP Startup: Unable to load dynamic library 'pdo_sqlite' (tried: /usr/lib/php/20220829/pdo_sqlite (/usr/lib/php/20220829/pdo_sqlite: cannot open shared object file: No such file or directory), /usr/lib/php/20220829/pdo_sqlite.so (/usr/lib/php/20220829/pdo_sqlite.so: undefined symbol: php_pdo_unregister_driver)) in Unknown on line 0
[27-Mar-2024 10:21:48 Europe/Berlin] PHP Warning:  PHP Startup: Unable to load dynamic library 'pdo_sqlite' (tried: /usr/lib/php/20220829/pdo_sqlite (/usr/lib/php/20220829/pdo_sqlite: cannot open shared object file: No such file or directory), /usr/lib/php/20220829/pdo_sqlite.so (/usr/lib/php/20220829/pdo_sqlite.so: undefined symbol: php_pdo_unregister_driver)) in Unknown on line 0
[27-Mar-2024 10:21:49 Europe/Berlin] PHP Warning:  PHP Startup: Unable to load dynamic library 'pdo_sqlite' (tried: /usr/lib/php/20220829/pdo_sqlite (/usr/lib/php/20220829/pdo_sqlite: cannot open shared object file: No such file or directory), /usr/lib/php/20220829/pdo_sqlite.so (/usr/lib/php/20220829/pdo_sqlite.so: undefined symbol: php_pdo_unregister_driver)) in Unknown on line 0
[27-Mar-2024 10:22:06 Europe/Berlin] PHP Warning:  PHP Startup: Unable to load dynamic library 'pdo_sqlite' (tried: /usr/lib/php/20220829/pdo_sqlite (/usr/lib/php/20220829/pdo_sqlite: cannot open shared object file: No such file or directory), /usr/lib/php/20220829/pdo_sqlite.so (/usr/lib/php/20220829/pdo_sqlite.so: undefined symbol: php_pdo_unregister_driver)) in Unknown on line 0
[27-Mar-2024 10:22:11 Europe/Berlin] PHP Warning:  PHP Startup: Unable to load dynamic library 'pdo_sqlite' (tried: /usr/lib/php/20220829/pdo_sqlite (/usr/lib/php/20220829/pdo_sqlite: cannot open shared object file: No such file or directory), /usr/lib/php/20220829/pdo_sqlite.so (/usr/lib/php/20220829/pdo_sqlite.so: undefined symbol: php_pdo_unregister_driver)) in Unknown on line 0
[27-Mar-2024 10:23:36 Europe/Berlin] PHP Warning:  PHP Startup: Unable to load dynamic library 'pdo_sqlite' (tried: /usr/lib/php/20220829/pdo_sqlite (/usr/lib/php/20220829/pdo_sqlite: cannot open shared object file: No such file or directory), /usr/lib/php/20220829/pdo_sqlite.so (/usr/lib/php/20220829/pdo_sqlite.so: undefined symbol: php_pdo_unregister_driver)) in Unknown on line 0
[27-Mar-2024 10:23:36 Europe/Berlin] PHP Warning:  PHP Startup: Unable to load dynamic library 'pdo_sqlite' (tried: /usr/lib/php/20220829/pdo_sqlite (/usr/lib/php/20220829/pdo_sqlite: cannot open shared object file: No such file or directory), /usr/lib/php/20220829/pdo_sqlite.so (/usr/lib/php/20220829/pdo_sqlite.so: undefined symbol: php_pdo_unregister_driver)) in Unknown on line 0
[27-Mar-2024 10:23:37 Europe/Berlin] PHP Warning:  PHP Startup: Unable to load dynamic library 'pdo_sqlite' (tried: /usr/lib/php/20220829/pdo_sqlite (/usr/lib/php/20220829/pdo_sqlite: cannot open shared object file: No such file or directory), /usr/lib/php/20220829/pdo_sqlite.so (/usr/lib/php/20220829/pdo_sqlite.so: undefined symbol: php_pdo_unregister_driver)) in Unknown on line 0
[29-Mar-2024 10:42:10 Europe/Berlin] PHP Warning:  PHP Startup: Unable to load dynamic library 'pdo_sqlite' (tried: /usr/lib/php/20220829/pdo_sqlite (/usr/lib/php/20220829/pdo_sqlite: cannot open shared object file: No such file or directory), /usr/lib/php/20220829/pdo_sqlite.so (/usr/lib/php/20220829/pdo_sqlite.so: undefined symbol: php_pdo_unregister_driver)) in Unknown on line 0
[29-Mar-2024 10:42:10 Europe/Berlin] PHP Warning:  PHP Startup: Unable to load dynamic library 'pdo_sqlite' (tried: /usr/lib/php/20220829/pdo_sqlite (/usr/lib/php/20220829/pdo_sqlite: cannot open shared object file: No such file or directory), /usr/lib/php/20220829/pdo_sqlite.so (/usr/lib/php/20220829/pdo_sqlite.so: undefined symbol: php_pdo_unregister_driver)) in Unknown on line 0
[29-Mar-2024 10:42:10 Europe/Berlin] PHP Warning:  PHP Startup: Unable to load dynamic library 'pdo_sqlite' (tried: /usr/lib/php/20220829/pdo_sqlite (/usr/lib/php/20220829/pdo_sqlite: cannot open shared object file: No such file or directory), /usr/lib/php/20220829/pdo_sqlite.so (/usr/lib/php/20220829/pdo_sqlite.so: undefined symbol: php_pdo_unregister_driver)) in Unknown on line 0
[29-Mar-2024 10:42:22 Europe/Berlin] PHP Warning:  PHP Startup: Unable to load dynamic library 'pdo_sqlite' (tried: /usr/lib/php/20220829/pdo_sqlite (/usr/lib/php/20220829/pdo_sqlite: cannot open shared object file: No such file or directory), /usr/lib/php/20220829/pdo_sqlite.so (/usr/lib/php/20220829/pdo_sqlite.so: undefined symbol: php_pdo_unregister_driver)) in Unknown on line 0
[29-Mar-2024 10:42:22 Europe/Berlin] PHP Warning:  PHP Startup: Unable to load dynamic library 'pdo_sqlite' (tried: /usr/lib/php/20220829/pdo_sqlite (/usr/lib/php/20220829/pdo_sqlite: cannot open shared object file: No such file or directory), /usr/lib/php/20220829/pdo_sqlite.so (/usr/lib/php/20220829/pdo_sqlite.so: undefined symbol: php_pdo_unregister_driver)) in Unknown on line 0
[29-Mar-2024 10:42:22 Europe/Berlin] PHP Warning:  PHP Startup: Unable to load dynamic library 'pdo_sqlite' (tried: /usr/lib/php/20220829/pdo_sqlite (/usr/lib/php/20220829/pdo_sqlite: cannot open shared object file: No such file or directory), /usr/lib/php/20220829/pdo_sqlite.so (/usr/lib/php/20220829/pdo_sqlite.so: undefined symbol: php_pdo_unregister_driver)) in Unknown on line 0
[29-Mar-2024 10:44:41 Europe/Berlin] PHP Warning:  PHP Startup: Unable to load dynamic library 'pdo_sqlite' (tried: /usr/lib/php/20220829/pdo_sqlite (/usr/lib/php/20220829/pdo_sqlite: cannot open shared object file: No such file or directory), /usr/lib/php/20220829/pdo_sqlite.so (/usr/lib/php/20220829/pdo_sqlite.so: undefined symbol: php_pdo_unregister_driver)) in Unknown on line 0
[29-Mar-2024 10:44:43 Europe/Berlin] PHP Warning:  PHP Startup: Unable to load dynamic library 'pdo_sqlite' (tried: /usr/lib/php/20220829/pdo_sqlite (/usr/lib/php/20220829/pdo_sqlite: cannot open shared object file: No such file or directory), /usr/lib/php/20220829/pdo_sqlite.so (/usr/lib/php/20220829/pdo_sqlite.so: undefined symbol: php_pdo_unregister_driver)) in Unknown on line 0
[29-Mar-2024 10:44:44 Europe/Berlin] PHP Warning:  PHP Startup: Unable to load dynamic library 'pdo_sqlite' (tried: /usr/lib/php/20220829/pdo_sqlite (/usr/lib/php/20220829/pdo_sqlite: cannot open shared object file: No such file or directory), /usr/lib/php/20220829/pdo_sqlite.so (/usr/lib/php/20220829/pdo_sqlite.so: undefined symbol: php_pdo_unregister_driver)) in Unknown on line 0
